2018-10-08 10:17:20.658  INFO 8440 --- [           main] c.o.SpringBootAdminServerApplication     : Starting SpringBootAdminServerApplication on DESKTOP-B8MP7LK with PID 8440 (C:\Users\DELL\Downloads\SpringBootAdminServer\bin\main started by DELL in C:\Users\DELL\Downloads\SpringBootAdminServer)
2018-10-08 10:17:20.674  INFO 8440 --- [           main] c.o.SpringBootAdminServerApplication     : The following profiles are active: secure
2018-10-08 10:17:20.818  INFO 8440 --- [           main] ConfigServletWebServerApplicationContext : Refreshing org.springframework.boot.web.servlet.context.AnnotationConfigServletWebServerApplicationContext@247bddad: startup date [Mon Oct 08 10:17:20 IST 2018]; root of context hierarchy
2018-10-08 10:17:25.463  INFO 8440 --- [           main] o.s.b.w.embedded.tomcat.TomcatWebServer  : Tomcat initialized with port(s): 8080 (http)
2018-10-08 10:17:25.527  INFO 8440 --- [           main] o.apache.catalina.core.StandardService   : Starting service [Tomcat]
2018-10-08 10:17:25.528  INFO 8440 --- [           main] org.apache.catalina.core.StandardEngine  : Starting Servlet Engine: Apache Tomcat/8.5.34
2018-10-08 10:17:25.552  INFO 8440 --- [ost-startStop-1] o.a.catalina.core.AprLifecycleListener   : The APR based Apache Tomcat Native library which allows optimal performance in production environments was not found on the java.library.path: [C:\Program Files\Java\jre1.8.0_181\bin;C:\WINDOWS\Sun\Java\bin;C:\WINDOWS\system32;C:\WINDOWS;G:\app\DELL\virtual\product\12.2.0\dbhome_1\bin;C:\Users\DELL\gcc\bin;C:\Program Files (x86)\Common Files\Oracle\Java\javapath;C:\Program Files (x86)\Intel\iCLS Client\;C:\Program Files\Intel\iCLS Client\;C:\WINDOWS\system32;C:\WINDOWS;C:\WINDOWS\System32\Wbem;C:\WINDOWS\System32\WindowsPowerShell\v1.0\;C:\Program Files (x86)\Intel\Intel(R) Management Engine Components\DAL;C:\Program Files\Intel\Intel(R) Management Engine Components\DAL;C:\Program Files (x86)\Intel\Intel(R) Management Engine Components\IPT;C:\Program Files\Intel\Intel(R) Management Engine Components\IPT;C:\Program Files\nodejs\;C:\Program Files\Git\cmd;C:\WINDOWS\System32\OpenSSH\;C:\Users\DELL\AppData\Local\Programs\Python\Python37-32\Scripts\;C:\Users\DELL\AppData\Local\Programs\Python\Python37-32\;C:\Users\DELL\scoop\apps\yarn\current\Yarn\bin;C:\Users\DELL\scoop\apps\yarn\current\bin;C:\Users\DELL\scoop\apps\maven\current\bin;C:\Users\DELL\scoop\shims;C:\Users\DELL\AppData\Local\Microsoft\WindowsApps;C:\Program Files (x86)\Common Files\Oracle\Java\javapath;C:\Users\DELL\AppData\Roaming\npm;G:\spring-roo-2.0.0.RELEASE\bin;C:\Users\DELL\AppData\Local\Microsoft\WindowsApps;C:\Users\DELL\AppData\Local\Programs\Microsoft VS Code\bin;G:\app\DELL\virtual\product\12.2.0\dbhome_1;C:\Program Files\Java\jre1.8.0_181\bin;;.]
2018-10-08 10:17:25.844  INFO 8440 --- [ost-startStop-1] o.a.c.c.C.[Tomcat].[localhost].[/]       : Initializing Spring embedded WebApplicationContext
2018-10-08 10:17:25.846  INFO 8440 --- [ost-startStop-1] o.s.web.context.ContextLoader            : Root WebApplicationContext: initialization completed in 5027 ms
2018-10-08 10:17:27.467  INFO 8440 --- [ost-startStop-1] o.s.b.w.servlet.FilterRegistrationBean   : Mapping filter: 'characterEncodingFilter' to: [/*]
2018-10-08 10:17:27.468  INFO 8440 --- [ost-startStop-1] o.s.b.w.servlet.FilterRegistrationBean   : Mapping filter: 'webMvcMetricsFilter' to: [/*]
2018-10-08 10:17:27.469  INFO 8440 --- [ost-startStop-1] o.s.b.w.servlet.FilterRegistrationBean   : Mapping filter: 'hiddenHttpMethodFilter' to: [/*]
2018-10-08 10:17:27.469  INFO 8440 --- [ost-startStop-1] o.s.b.w.servlet.FilterRegistrationBean   : Mapping filter: 'httpPutFormContentFilter' to: [/*]
2018-10-08 10:17:27.469  INFO 8440 --- [ost-startStop-1] o.s.b.w.servlet.FilterRegistrationBean   : Mapping filter: 'requestContextFilter' to: [/*]
2018-10-08 10:17:27.470  INFO 8440 --- [ost-startStop-1] .s.DelegatingFilterProxyRegistrationBean : Mapping filter: 'springSecurityFilterChain' to: [/*]
2018-10-08 10:17:27.470  INFO 8440 --- [ost-startStop-1] o.s.b.w.servlet.FilterRegistrationBean   : Mapping filter: 'httpTraceFilter' to: [/*]
2018-10-08 10:17:27.470  INFO 8440 --- [ost-startStop-1] o.s.b.w.servlet.ServletRegistrationBean  : Servlet dispatcherServlet mapped to [/]
2018-10-08 10:17:28.990  INFO 8440 --- [           main] o.s.w.s.handler.SimpleUrlHandlerMapping  : Mapped URL path [/**/favicon.ico] onto handler of type [class org.springframework.web.servlet.resource.ResourceHttpRequestHandler]
2018-10-08 10:17:29.294  INFO 8440 --- [           main] o.s.s.concurrent.ThreadPoolTaskExecutor  : Initializing ExecutorService  'webMvcAsyncTaskExecutor'
2018-10-08 10:17:29.319  INFO 8440 --- [           main] s.w.s.m.m.a.RequestMappingHandlerAdapter : Looking for @ControllerAdvice: org.springframework.boot.web.servlet.context.AnnotationConfigServletWebServerApplicationContext@247bddad: startup date [Mon Oct 08 10:17:20 IST 2018]; root of context hierarchy
2018-10-08 10:17:29.480  INFO 8440 --- [           main] s.w.s.m.m.a.RequestMappingHandlerMapping : Mapped "{[/error]}" onto public org.springframework.http.ResponseEntity<java.util.Map<java.lang.String, java.lang.Object>> org.springframework.boot.autoconfigure.web.servlet.error.BasicErrorController.error(javax.servlet.http.HttpServletRequest)
2018-10-08 10:17:29.485  INFO 8440 --- [           main] s.w.s.m.m.a.RequestMappingHandlerMapping : Mapped "{[/error],produces=[text/html]}" onto public org.springframework.web.servlet.ModelAndView org.springframework.boot.autoconfigure.web.servlet.error.BasicErrorController.errorHtml(javax.servlet.http.HttpServletRequest,javax.servlet.http.HttpServletResponse)
2018-10-08 10:17:29.547  INFO 8440 --- [           main] o.s.w.s.handler.SimpleUrlHandlerMapping  : Mapped URL path [/webjars/**] onto handler of type [class org.springframework.web.servlet.resource.ResourceHttpRequestHandler]
2018-10-08 10:17:29.547  INFO 8440 --- [           main] o.s.w.s.handler.SimpleUrlHandlerMapping  : Mapped URL path [/**] onto handler of type [class org.springframework.web.servlet.resource.ResourceHttpRequestHandler]
2018-10-08 10:17:33.605  INFO 8440 --- [           main] .b.a.s.w.s.AdminControllerHandlerMapping : Mapped "{[/instances/{instanceId}/actuator/**],methods=[GET || HEAD || POST || PUT || PATCH || DELETE || OPTIONS]}" onto public reactor.core.publisher.Mono<java.lang.Void> de.codecentric.boot.admin.server.web.servlet.InstancesProxyController.endpointProxy(java.lang.String,javax.servlet.http.HttpServletRequest,javax.servlet.http.HttpServletResponse) throws java.io.IOException
2018-10-08 10:17:33.651  INFO 8440 --- [           main] .b.a.s.w.s.AdminControllerHandlerMapping : Mapped "{[/instances],methods=[POST],consumes=[application/json]}" onto public reactor.core.publisher.Mono<org.springframework.http.ResponseEntity<java.util.Map<java.lang.String, de.codecentric.boot.admin.server.domain.values.InstanceId>>> de.codecentric.boot.admin.server.web.InstancesController.register(de.codecentric.boot.admin.server.domain.values.Registration,org.springframework.web.util.UriComponentsBuilder)
2018-10-08 10:17:33.652  INFO 8440 --- [           main] .b.a.s.w.s.AdminControllerHandlerMapping : Mapped "{[/instances/{id}],methods=[GET],produces=[application/json]}" onto public reactor.core.publisher.Mono<org.springframework.http.ResponseEntity<de.codecentric.boot.admin.server.domain.entities.Instance>> de.codecentric.boot.admin.server.web.InstancesController.instance(java.lang.String)
2018-10-08 10:17:33.653  INFO 8440 --- [           main] .b.a.s.w.s.AdminControllerHandlerMapping : Mapped "{[/instances/events],methods=[GET],produces=[application/json]}" onto public reactor.core.publisher.Flux<de.codecentric.boot.admin.server.domain.events.InstanceEvent> de.codecentric.boot.admin.server.web.InstancesController.events()
2018-10-08 10:17:33.654  INFO 8440 --- [           main] .b.a.s.w.s.AdminControllerHandlerMapping : Mapped "{[/instances],methods=[GET],produces=[application/json]}" onto public reactor.core.publisher.Flux<de.codecentric.boot.admin.server.domain.entities.Instance> de.codecentric.boot.admin.server.web.InstancesController.instances(java.lang.String)
2018-10-08 10:17:33.656  INFO 8440 --- [           main] .b.a.s.w.s.AdminControllerHandlerMapping : Mapped "{[/instances/{id}],methods=[DELETE]}" onto public reactor.core.publisher.Mono<org.springframework.http.ResponseEntity<java.lang.Void>> de.codecentric.boot.admin.server.web.InstancesController.unregister(java.lang.String)
2018-10-08 10:17:33.687  INFO 8440 --- [           main] .b.a.s.w.s.AdminControllerHandlerMapping : Mapped "{[/instances/events],methods=[GET],produces=[text/event-stream]}" onto public reactor.core.publisher.Flux<org.springframework.http.codec.ServerSentEvent<de.codecentric.boot.admin.server.domain.events.InstanceEvent>> de.codecentric.boot.admin.server.web.InstancesController.eventStream()
2018-10-08 10:17:33.688  INFO 8440 --- [           main] .b.a.s.w.s.AdminControllerHandlerMapping : Mapped "{[/instances/{id}],methods=[GET],produces=[text/event-stream]}" onto public reactor.core.publisher.Flux<org.springframework.http.codec.ServerSentEvent<de.codecentric.boot.admin.server.domain.entities.Instance>> de.codecentric.boot.admin.server.web.InstancesController.instanceStream(java.lang.String)
2018-10-08 10:17:33.698  INFO 8440 --- [           main] .b.a.s.w.s.AdminControllerHandlerMapping : Mapped "{[/applications/{name}],methods=[GET],produces=[application/json]}" onto public reactor.core.publisher.Mono<org.springframework.http.ResponseEntity<de.codecentric.boot.admin.server.web.ApplicationsController$Application>> de.codecentric.boot.admin.server.web.ApplicationsController.application(java.lang.String)
2018-10-08 10:17:33.737  INFO 8440 --- [           main] .b.a.s.w.s.AdminControllerHandlerMapping : Mapped "{[/applications/{name}],methods=[DELETE]}" onto public reactor.core.publisher.Mono<org.springframework.http.ResponseEntity<java.lang.Void>> de.codecentric.boot.admin.server.web.ApplicationsController.unregister(java.lang.String)
2018-10-08 10:17:33.739  INFO 8440 --- [           main] .b.a.s.w.s.AdminControllerHandlerMapping : Mapped "{[/applications],methods=[GET],produces=[text/event-stream]}" onto public reactor.core.publisher.Flux<org.springframework.http.codec.ServerSentEvent<de.codecentric.boot.admin.server.web.ApplicationsController$Application>> de.codecentric.boot.admin.server.web.ApplicationsController.applicationsStream()
2018-10-08 10:17:33.740  INFO 8440 --- [           main] .b.a.s.w.s.AdminControllerHandlerMapping : Mapped "{[/applications],methods=[GET],produces=[application/json]}" onto public reactor.core.publisher.Flux<de.codecentric.boot.admin.server.web.ApplicationsController$Application> de.codecentric.boot.admin.server.web.ApplicationsController.applications()
2018-10-08 10:17:33.748  INFO 8440 --- [           main] .b.a.s.w.s.AdminControllerHandlerMapping : Mapped "{[/notifications/filters],methods=[POST],produces=[application/json]}" onto public org.springframework.http.ResponseEntity<?> de.codecentric.boot.admin.server.notify.filter.web.NotificationFilterController.addFilter(java.lang.String,java.lang.String,java.lang.Long)
2018-10-08 10:17:33.752  INFO 8440 --- [           main] .b.a.s.w.s.AdminControllerHandlerMapping : Mapped "{[/notifications/filters],methods=[GET],produces=[application/json]}" onto public java.util.Collection<de.codecentric.boot.admin.server.notify.filter.NotificationFilter> de.codecentric.boot.admin.server.notify.filter.web.NotificationFilterController.getFilters()
2018-10-08 10:17:33.757  INFO 8440 --- [           main] .b.a.s.w.s.AdminControllerHandlerMapping : Mapped "{[/notifications/filters/{id}],methods=[DELETE]}" onto public org.springframework.http.ResponseEntity<?> de.codecentric.boot.admin.server.notify.filter.web.NotificationFilterController.deleteFilter(java.lang.String)
2018-10-08 10:17:33.769  INFO 8440 --- [           main] .b.a.s.w.s.AdminControllerHandlerMapping : Mapped "{[/],methods=[GET],produces=[text/html]}" onto public java.lang.String de.codecentric.boot.admin.server.ui.web.UiController.index()
2018-10-08 10:17:33.770  INFO 8440 --- [           main] .b.a.s.w.s.AdminControllerHandlerMapping : Mapped "{[/login],methods=[GET],produces=[text/html]}" onto public java.lang.String de.codecentric.boot.admin.server.ui.web.UiController.login()
2018-10-08 10:17:35.836  INFO 8440 --- [           main] o.s.s.web.DefaultSecurityFilterChain     : Creating filter chain: org.springframework.security.web.util.matcher.AnyRequestMatcher@1, [org.springframework.security.web.context.request.async.WebAsyncManagerIntegrationFilter@f3560d4, org.springframework.security.web.context.SecurityContextPersistenceFilter@58b5a2f3, org.springframework.security.web.header.HeaderWriterFilter@d675f9f, org.springframework.security.web.csrf.CsrfFilter@b67cc70, org.springframework.security.web.authentication.logout.LogoutFilter@428bdd72, org.springframework.security.web.authentication.UsernamePasswordAuthenticationFilter@3e1fd62b, org.springframework.security.web.authentication.www.BasicAuthenticationFilter@2262d6d5, org.springframework.security.web.savedrequest.RequestCacheAwareFilter@52b46d52, org.springframework.security.web.servletapi.SecurityContextHolderAwareRequestFilter@d70f722, org.springframework.security.web.authentication.AnonymousAuthenticationFilter@3ba3d4b6, org.springframework.security.web.session.SessionManagementFilter@49469ffa, org.springframework.security.web.access.ExceptionTranslationFilter@6807a356, org.springframework.security.web.access.intercept.FilterSecurityInterceptor@67536ae0]
2018-10-08 10:17:36.070  INFO 8440 --- [           main] o.s.b.a.e.web.EndpointLinksResolver      : Exposing 16 endpoint(s) beneath base path '/actuator'
2018-10-08 10:17:36.101  INFO 8440 --- [           main] s.b.a.e.w.s.WebMvcEndpointHandlerMapping : Mapped "{[/actuator/custom],methods=[GET],produces=[application/vnd.spring-boot.actuator.v2+json || application/json]}" onto public java.lang.Object org.springframework.boot.actuate.endpoint.web.servlet.AbstractWebMvcEndpointHandlerMapping$OperationHandler.handle(javax.servlet.http.HttpServletRequest,java.util.Map<java.lang.String, java.lang.String>)
2018-10-08 10:17:36.103  INFO 8440 --- [           main] s.b.a.e.w.s.WebMvcEndpointHandlerMapping : Mapped "{[/actuator/auditevents],methods=[GET],produces=[application/vnd.spring-boot.actuator.v2+json || application/json]}" onto public java.lang.Object org.springframework.boot.actuate.endpoint.web.servlet.AbstractWebMvcEndpointHandlerMapping$OperationHandler.handle(javax.servlet.http.HttpServletRequest,java.util.Map<java.lang.String, java.lang.String>)
2018-10-08 10:17:36.105  INFO 8440 --- [           main] s.b.a.e.w.s.WebMvcEndpointHandlerMapping : Mapped "{[/actuator/beans],methods=[GET],produces=[application/vnd.spring-boot.actuator.v2+json || application/json]}" onto public java.lang.Object org.springframework.boot.actuate.endpoint.web.servlet.AbstractWebMvcEndpointHandlerMapping$OperationHandler.handle(javax.servlet.http.HttpServletRequest,java.util.Map<java.lang.String, java.lang.String>)
2018-10-08 10:17:36.106  INFO 8440 --- [           main] s.b.a.e.w.s.WebMvcEndpointHandlerMapping : Mapped "{[/actuator/health],methods=[GET],produces=[application/vnd.spring-boot.actuator.v2+json || application/json]}" onto public java.lang.Object org.springframework.boot.actuate.endpoint.web.servlet.AbstractWebMvcEndpointHandlerMapping$OperationHandler.handle(javax.servlet.http.HttpServletRequest,java.util.Map<java.lang.String, java.lang.String>)
2018-10-08 10:17:36.107  INFO 8440 --- [           main] s.b.a.e.w.s.WebMvcEndpointHandlerMapping : Mapped "{[/actuator/conditions],methods=[GET],produces=[application/vnd.spring-boot.actuator.v2+json || application/json]}" onto public java.lang.Object org.springframework.boot.actuate.endpoint.web.servlet.AbstractWebMvcEndpointHandlerMapping$OperationHandler.handle(javax.servlet.http.HttpServletRequest,java.util.Map<java.lang.String, java.lang.String>)
2018-10-08 10:17:36.110  INFO 8440 --- [           main] s.b.a.e.w.s.WebMvcEndpointHandlerMapping : Mapped "{[/actuator/configprops],methods=[GET],produces=[application/vnd.spring-boot.actuator.v2+json || application/json]}" onto public java.lang.Object org.springframework.boot.actuate.endpoint.web.servlet.AbstractWebMvcEndpointHandlerMapping$OperationHandler.handle(javax.servlet.http.HttpServletRequest,java.util.Map<java.lang.String, java.lang.String>)
2018-10-08 10:17:36.111  INFO 8440 --- [           main] s.b.a.e.w.s.WebMvcEndpointHandlerMapping : Mapped "{[/actuator/env],methods=[GET],produces=[application/vnd.spring-boot.actuator.v2+json || application/json]}" onto public java.lang.Object org.springframework.boot.actuate.endpoint.web.servlet.AbstractWebMvcEndpointHandlerMapping$OperationHandler.handle(javax.servlet.http.HttpServletRequest,java.util.Map<java.lang.String, java.lang.String>)
2018-10-08 10:17:36.111  INFO 8440 --- [           main] s.b.a.e.w.s.WebMvcEndpointHandlerMapping : Mapped "{[/actuator/env/{toMatch}],methods=[GET],produces=[application/vnd.spring-boot.actuator.v2+json || application/json]}" onto public java.lang.Object org.springframework.boot.actuate.endpoint.web.servlet.AbstractWebMvcEndpointHandlerMapping$OperationHandler.handle(javax.servlet.http.HttpServletRequest,java.util.Map<java.lang.String, java.lang.String>)
2018-10-08 10:17:36.113  INFO 8440 --- [           main] s.b.a.e.w.s.WebMvcEndpointHandlerMapping : Mapped "{[/actuator/info],methods=[GET],produces=[application/vnd.spring-boot.actuator.v2+json || application/json]}" onto public java.lang.Object org.springframework.boot.actuate.endpoint.web.servlet.AbstractWebMvcEndpointHandlerMapping$OperationHandler.handle(javax.servlet.http.HttpServletRequest,java.util.Map<java.lang.String, java.lang.String>)
2018-10-08 10:17:36.115  INFO 8440 --- [           main] s.b.a.e.w.s.WebMvcEndpointHandlerMapping : Mapped "{[/actuator/logfile],methods=[GET],produces=[application/octet-stream]}" onto public java.lang.Object org.springframework.boot.actuate.endpoint.web.servlet.AbstractWebMvcEndpointHandlerMapping$OperationHandler.handle(javax.servlet.http.HttpServletRequest,java.util.Map<java.lang.String, java.lang.String>)
2018-10-08 10:17:36.119  INFO 8440 --- [           main] s.b.a.e.w.s.WebMvcEndpointHandlerMapping : Mapped "{[/actuator/loggers],methods=[GET],produces=[application/vnd.spring-boot.actuator.v2+json || application/json]}" onto public java.lang.Object org.springframework.boot.actuate.endpoint.web.servlet.AbstractWebMvcEndpointHandlerMapping$OperationHandler.handle(javax.servlet.http.HttpServletRequest,java.util.Map<java.lang.String, java.lang.String>)
2018-10-08 10:17:36.120  INFO 8440 --- [           main] s.b.a.e.w.s.WebMvcEndpointHandlerMapping : Mapped "{[/actuator/loggers/{name}],methods=[POST],consumes=[application/vnd.spring-boot.actuator.v2+json || application/json]}" onto public java.lang.Object org.springframework.boot.actuate.endpoint.web.servlet.AbstractWebMvcEndpointHandlerMapping$OperationHandler.handle(javax.servlet.http.HttpServletRequest,java.util.Map<java.lang.String, java.lang.String>)
2018-10-08 10:17:36.120  INFO 8440 --- [           main] s.b.a.e.w.s.WebMvcEndpointHandlerMapping : Mapped "{[/actuator/loggers/{name}],methods=[GET],produces=[application/vnd.spring-boot.actuator.v2+json || application/json]}" onto public java.lang.Object org.springframework.boot.actuate.endpoint.web.servlet.AbstractWebMvcEndpointHandlerMapping$OperationHandler.handle(javax.servlet.http.HttpServletRequest,java.util.Map<java.lang.String, java.lang.String>)
2018-10-08 10:17:36.124  INFO 8440 --- [           main] s.b.a.e.w.s.WebMvcEndpointHandlerMapping : Mapped "{[/actuator/heapdump],methods=[GET],produces=[application/octet-stream]}" onto public java.lang.Object org.springframework.boot.actuate.endpoint.web.servlet.AbstractWebMvcEndpointHandlerMapping$OperationHandler.handle(javax.servlet.http.HttpServletRequest,java.util.Map<java.lang.String, java.lang.String>)
2018-10-08 10:17:36.130  INFO 8440 --- [           main] s.b.a.e.w.s.WebMvcEndpointHandlerMapping : Mapped "{[/actuator/threaddump],methods=[GET],produces=[application/vnd.spring-boot.actuator.v2+json || application/json]}" onto public java.lang.Object org.springframework.boot.actuate.endpoint.web.servlet.AbstractWebMvcEndpointHandlerMapping$OperationHandler.handle(javax.servlet.http.HttpServletRequest,java.util.Map<java.lang.String, java.lang.String>)
2018-10-08 10:17:36.132  INFO 8440 --- [           main] s.b.a.e.w.s.WebMvcEndpointHandlerMapping : Mapped "{[/actuator/metrics],methods=[GET],produces=[application/vnd.spring-boot.actuator.v2+json || application/json]}" onto public java.lang.Object org.springframework.boot.actuate.endpoint.web.servlet.AbstractWebMvcEndpointHandlerMapping$OperationHandler.handle(javax.servlet.http.HttpServletRequest,java.util.Map<java.lang.String, java.lang.String>)
2018-10-08 10:17:36.133  INFO 8440 --- [           main] s.b.a.e.w.s.WebMvcEndpointHandlerMapping : Mapped "{[/actuator/metrics/{requiredMetricName}],methods=[GET],produces=[application/vnd.spring-boot.actuator.v2+json || application/json]}" onto public java.lang.Object org.springframework.boot.actuate.endpoint.web.servlet.AbstractWebMvcEndpointHandlerMapping$OperationHandler.handle(javax.servlet.http.HttpServletRequest,java.util.Map<java.lang.String, java.lang.String>)
2018-10-08 10:17:36.153  INFO 8440 --- [           main] s.b.a.e.w.s.WebMvcEndpointHandlerMapping : Mapped "{[/actuator/scheduledtasks],methods=[GET],produces=[application/vnd.spring-boot.actuator.v2+json || application/json]}" onto public java.lang.Object org.springframework.boot.actuate.endpoint.web.servlet.AbstractWebMvcEndpointHandlerMapping$OperationHandler.handle(javax.servlet.http.HttpServletRequest,java.util.Map<java.lang.String, java.lang.String>)
2018-10-08 10:17:36.156  INFO 8440 --- [           main] s.b.a.e.w.s.WebMvcEndpointHandlerMapping : Mapped "{[/actuator/httptrace],methods=[GET],produces=[application/vnd.spring-boot.actuator.v2+json || application/json]}" onto public java.lang.Object org.springframework.boot.actuate.endpoint.web.servlet.AbstractWebMvcEndpointHandlerMapping$OperationHandler.handle(javax.servlet.http.HttpServletRequest,java.util.Map<java.lang.String, java.lang.String>)
2018-10-08 10:17:36.158  INFO 8440 --- [           main] s.b.a.e.w.s.WebMvcEndpointHandlerMapping : Mapped "{[/actuator/mappings],methods=[GET],produces=[application/vnd.spring-boot.actuator.v2+json || application/json]}" onto public java.lang.Object org.springframework.boot.actuate.endpoint.web.servlet.AbstractWebMvcEndpointHandlerMapping$OperationHandler.handle(javax.servlet.http.HttpServletRequest,java.util.Map<java.lang.String, java.lang.String>)
2018-10-08 10:17:36.161  INFO 8440 --- [           main] s.b.a.e.w.s.WebMvcEndpointHandlerMapping : Mapped "{[/actuator],methods=[GET],produces=[application/vnd.spring-boot.actuator.v2+json || application/json]}" onto protected java.util.Map<java.lang.String, java.util.Map<java.lang.String, org.springframework.boot.actuate.endpoint.web.Link>> org.springframework.boot.actuate.endpoint.web.servlet.WebMvcEndpointHandlerMapping.links(javax.servlet.http.HttpServletRequest,javax.servlet.http.HttpServletResponse)
2018-10-08 10:17:36.449  INFO 8440 --- [           main] o.s.j.e.a.AnnotationMBeanExporter        : Registering beans for JMX exposure on startup
2018-10-08 10:17:36.632  INFO 8440 --- [           main] o.s.b.w.embedded.tomcat.TomcatWebServer  : Tomcat started on port(s): 8080 (http) with context path ''
2018-10-08 10:17:36.657  INFO 8440 --- [           main] c.o.SpringBootAdminServerApplication     : Started SpringBootAdminServerApplication in 17.249 seconds (JVM running for 18.518)
2018-10-08 10:18:08.887  INFO 8440 --- [io-8080-exec-10] o.a.c.c.C.[Tomcat].[localhost].[/]       : Initializing Spring FrameworkServlet 'dispatcherServlet'
2018-10-08 10:18:08.888  INFO 8440 --- [io-8080-exec-10] o.s.web.servlet.DispatcherServlet        : FrameworkServlet 'dispatcherServlet': initialization started
2018-10-08 10:18:08.964  INFO 8440 --- [io-8080-exec-10] o.s.web.servlet.DispatcherServlet        : FrameworkServlet 'dispatcherServlet': initialization completed in 75 ms
2018-10-08 10:21:12.888 ERROR 8440 --- [nio-8080-exec-1] o.a.c.c.C.[.[.[/].[dispatcherServlet]    : Servlet.service() for servlet [dispatcherServlet] threw exception

java.io.IOException: An established connection was aborted by the software in your host machine
	at sun.nio.ch.SocketDispatcher.write0(Native Method) ~[na:1.8.0_181]
	at sun.nio.ch.SocketDispatcher.write(Unknown Source) ~[na:1.8.0_181]
	at sun.nio.ch.IOUtil.writeFromNativeBuffer(Unknown Source) ~[na:1.8.0_181]
	at sun.nio.ch.IOUtil.write(Unknown Source) ~[na:1.8.0_181]
	at sun.nio.ch.SocketChannelImpl.write(Unknown Source) ~[na:1.8.0_181]
	at org.apache.tomcat.util.net.NioChannel.write(NioChannel.java:134) ~[tomcat-embed-core-8.5.34.jar:8.5.34]
	at org.apache.tomcat.util.net.NioBlockingSelector.write(NioBlockingSelector.java:101) ~[tomcat-embed-core-8.5.34.jar:8.5.34]
	at org.apache.tomcat.util.net.NioSelectorPool.write(NioSelectorPool.java:157) ~[tomcat-embed-core-8.5.34.jar:8.5.34]
	at org.apache.tomcat.util.net.NioEndpoint$NioSocketWrapper.doWrite(NioEndpoint.java:1306) ~[tomcat-embed-core-8.5.34.jar:8.5.34]
	at org.apache.tomcat.util.net.SocketWrapperBase.doWrite(SocketWrapperBase.java:726) ~[tomcat-embed-core-8.5.34.jar:8.5.34]
	at org.apache.tomcat.util.net.SocketWrapperBase.flushBlocking(SocketWrapperBase.java:679) ~[tomcat-embed-core-8.5.34.jar:8.5.34]
	at org.apache.tomcat.util.net.SocketWrapperBase.flush(SocketWrapperBase.java:669) ~[tomcat-embed-core-8.5.34.jar:8.5.34]
	at org.apache.coyote.http11.Http11OutputBuffer$SocketOutputBuffer.flush(Http11OutputBuffer.java:646) ~[tomcat-embed-core-8.5.34.jar:8.5.34]
	at org.apache.coyote.http11.filters.ChunkedOutputFilter.flush(ChunkedOutputFilter.java:169) ~[tomcat-embed-core-8.5.34.jar:8.5.34]
	at org.apache.coyote.http11.Http11OutputBuffer.flush(Http11OutputBuffer.java:252) ~[tomcat-embed-core-8.5.34.jar:8.5.34]
	at org.apache.coyote.http11.Http11Processor.flush(Http11Processor.java:1561) ~[tomcat-embed-core-8.5.34.jar:8.5.34]
	at org.apache.coyote.AbstractProcessor.action(AbstractProcessor.java:380) ~[tomcat-embed-core-8.5.34.jar:8.5.34]
	at org.apache.coyote.Response.action(Response.java:173) ~[tomcat-embed-core-8.5.34.jar:8.5.34]
	at org.apache.catalina.connector.OutputBuffer.doFlush(OutputBuffer.java:317) ~[tomcat-embed-core-8.5.34.jar:8.5.34]
	at org.apache.catalina.connector.OutputBuffer.flush(OutputBuffer.java:284) ~[tomcat-embed-core-8.5.34.jar:8.5.34]
	at org.apache.catalina.connector.CoyoteOutputStream.flush(CoyoteOutputStream.java:118) ~[tomcat-embed-core-8.5.34.jar:8.5.34]
	at org.springframework.security.web.util.OnCommittedResponseWrapper$SaveContextServletOutputStream.flush(OnCommittedResponseWrapper.java:514) ~[spring-security-web-5.0.8.RELEASE.jar:5.0.8.RELEASE]
	at org.springframework.security.web.util.OnCommittedResponseWrapper$SaveContextServletOutputStream.flush(OnCommittedResponseWrapper.java:514) ~[spring-security-web-5.0.8.RELEASE.jar:5.0.8.RELEASE]
	at sun.nio.cs.StreamEncoder.implFlush(Unknown Source) ~[na:1.8.0_181]
	at sun.nio.cs.StreamEncoder.flush(Unknown Source) ~[na:1.8.0_181]
	at java.io.OutputStreamWriter.flush(Unknown Source) ~[na:1.8.0_181]
	at org.springframework.util.StreamUtils.copy(StreamUtils.java:121) ~[spring-core-5.0.9.RELEASE.jar:5.0.9.RELEASE]
	at org.springframework.http.converter.StringHttpMessageConverter.writeInternal(StringHttpMessageConverter.java:103) ~[spring-web-5.0.9.RELEASE.jar:5.0.9.RELEASE]
	at org.springframework.http.converter.StringHttpMessageConverter.writeInternal(StringHttpMessageConverter.java:43) ~[spring-web-5.0.9.RELEASE.jar:5.0.9.RELEASE]
	at org.springframework.http.converter.AbstractHttpMessageConverter.write(AbstractHttpMessageConverter.java:226) ~[spring-web-5.0.9.RELEASE.jar:5.0.9.RELEASE]
	at org.springframework.web.servlet.mvc.method.annotation.ResponseBodyEmitterReturnValueHandler$HttpMessageConvertingHandler.sendInternal(ResponseBodyEmitterReturnValueHandler.java:200) ~[spring-webmvc-5.0.9.RELEASE.jar:5.0.9.RELEASE]
	at org.springframework.web.servlet.mvc.method.annotation.ResponseBodyEmitterReturnValueHandler$HttpMessageConvertingHandler.send(ResponseBodyEmitterReturnValueHandler.java:190) ~[spring-webmvc-5.0.9.RELEASE.jar:5.0.9.RELEASE]
	at org.springframework.web.servlet.mvc.method.annotation.ResponseBodyEmitter.sendInternal(ResponseBodyEmitter.java:189) ~[spring-webmvc-5.0.9.RELEASE.jar:5.0.9.RELEASE]
	at org.springframework.web.servlet.mvc.method.annotation.ResponseBodyEmitter.send(ResponseBodyEmitter.java:183) ~[spring-webmvc-5.0.9.RELEASE.jar:5.0.9.RELEASE]
	at org.springframework.web.servlet.mvc.method.annotation.SseEmitter.send(SseEmitter.java:133) ~[spring-webmvc-5.0.9.RELEASE.jar:5.0.9.RELEASE]
	at org.springframework.web.servlet.mvc.method.annotation.ReactiveTypeHandler$SseEmitterSubscriber.send(ReactiveTypeHandler.java:366) ~[spring-webmvc-5.0.9.RELEASE.jar:5.0.9.RELEASE]
	at org.springframework.web.servlet.mvc.method.annotation.ReactiveTypeHandler$AbstractEmitterSubscriber.run(ReactiveTypeHandler.java:309) ~[spring-webmvc-5.0.9.RELEASE.jar:5.0.9.RELEASE]
	at java.util.concurrent.ThreadPoolExecutor.runWorker(Unknown Source) ~[na:1.8.0_181]
	at java.util.concurrent.ThreadPoolExecutor$Worker.run(Unknown Source) ~[na:1.8.0_181]
	at java.lang.Thread.run(Unknown Source) [na:1.8.0_181]

2018-10-08 10:21:12.898 ERROR 8440 --- [nio-8080-exec-1] o.a.c.c.C.[.[.[/].[dispatcherServlet]    : Servlet.service() for servlet [dispatcherServlet] in context with path [] threw exception

java.io.IOException: An established connection was aborted by the software in your host machine
	at sun.nio.ch.SocketDispatcher.write0(Native Method) ~[na:1.8.0_181]
	at sun.nio.ch.SocketDispatcher.write(Unknown Source) ~[na:1.8.0_181]
	at sun.nio.ch.IOUtil.writeFromNativeBuffer(Unknown Source) ~[na:1.8.0_181]
	at sun.nio.ch.IOUtil.write(Unknown Source) ~[na:1.8.0_181]
	at sun.nio.ch.SocketChannelImpl.write(Unknown Source) ~[na:1.8.0_181]
	at org.apache.tomcat.util.net.NioChannel.write(NioChannel.java:134) ~[tomcat-embed-core-8.5.34.jar:8.5.34]
	at org.apache.tomcat.util.net.NioBlockingSelector.write(NioBlockingSelector.java:101) ~[tomcat-embed-core-8.5.34.jar:8.5.34]
	at org.apache.tomcat.util.net.NioSelectorPool.write(NioSelectorPool.java:157) ~[tomcat-embed-core-8.5.34.jar:8.5.34]
	at org.apache.tomcat.util.net.NioEndpoint$NioSocketWrapper.doWrite(NioEndpoint.java:1306) ~[tomcat-embed-core-8.5.34.jar:8.5.34]
	at org.apache.tomcat.util.net.SocketWrapperBase.doWrite(SocketWrapperBase.java:726) ~[tomcat-embed-core-8.5.34.jar:8.5.34]
	at org.apache.tomcat.util.net.SocketWrapperBase.flushBlocking(SocketWrapperBase.java:679) ~[tomcat-embed-core-8.5.34.jar:8.5.34]
	at org.apache.tomcat.util.net.SocketWrapperBase.flush(SocketWrapperBase.java:669) ~[tomcat-embed-core-8.5.34.jar:8.5.34]
	at org.apache.coyote.http11.Http11OutputBuffer$SocketOutputBuffer.flush(Http11OutputBuffer.java:646) ~[tomcat-embed-core-8.5.34.jar:8.5.34]
	at org.apache.coyote.http11.filters.ChunkedOutputFilter.flush(ChunkedOutputFilter.java:169) ~[tomcat-embed-core-8.5.34.jar:8.5.34]
	at org.apache.coyote.http11.Http11OutputBuffer.flush(Http11OutputBuffer.java:252) ~[tomcat-embed-core-8.5.34.jar:8.5.34]
	at org.apache.coyote.http11.Http11Processor.flush(Http11Processor.java:1561) ~[tomcat-embed-core-8.5.34.jar:8.5.34]
	at org.apache.coyote.AbstractProcessor.action(AbstractProcessor.java:380) ~[tomcat-embed-core-8.5.34.jar:8.5.34]
	at org.apache.coyote.Response.action(Response.java:173) ~[tomcat-embed-core-8.5.34.jar:8.5.34]
	at org.apache.catalina.connector.OutputBuffer.doFlush(OutputBuffer.java:317) ~[tomcat-embed-core-8.5.34.jar:8.5.34]
	at org.apache.catalina.connector.OutputBuffer.flush(OutputBuffer.java:284) ~[tomcat-embed-core-8.5.34.jar:8.5.34]
	at org.apache.catalina.connector.CoyoteOutputStream.flush(CoyoteOutputStream.java:118) ~[tomcat-embed-core-8.5.34.jar:8.5.34]
	at org.springframework.security.web.util.OnCommittedResponseWrapper$SaveContextServletOutputStream.flush(OnCommittedResponseWrapper.java:514) ~[spring-security-web-5.0.8.RELEASE.jar:5.0.8.RELEASE]
	at org.springframework.security.web.util.OnCommittedResponseWrapper$SaveContextServletOutputStream.flush(OnCommittedResponseWrapper.java:514) ~[spring-security-web-5.0.8.RELEASE.jar:5.0.8.RELEASE]
	at sun.nio.cs.StreamEncoder.implFlush(Unknown Source) ~[na:1.8.0_181]
	at sun.nio.cs.StreamEncoder.flush(Unknown Source) ~[na:1.8.0_181]
	at java.io.OutputStreamWriter.flush(Unknown Source) ~[na:1.8.0_181]
	at org.springframework.util.StreamUtils.copy(StreamUtils.java:121) ~[spring-core-5.0.9.RELEASE.jar:5.0.9.RELEASE]
	at org.springframework.http.converter.StringHttpMessageConverter.writeInternal(StringHttpMessageConverter.java:103) ~[spring-web-5.0.9.RELEASE.jar:5.0.9.RELEASE]
	at org.springframework.http.converter.StringHttpMessageConverter.writeInternal(StringHttpMessageConverter.java:43) ~[spring-web-5.0.9.RELEASE.jar:5.0.9.RELEASE]
	at org.springframework.http.converter.AbstractHttpMessageConverter.write(AbstractHttpMessageConverter.java:226) ~[spring-web-5.0.9.RELEASE.jar:5.0.9.RELEASE]
	at org.springframework.web.servlet.mvc.method.annotation.ResponseBodyEmitterReturnValueHandler$HttpMessageConvertingHandler.sendInternal(ResponseBodyEmitterReturnValueHandler.java:200) ~[spring-webmvc-5.0.9.RELEASE.jar:5.0.9.RELEASE]
	at org.springframework.web.servlet.mvc.method.annotation.ResponseBodyEmitterReturnValueHandler$HttpMessageConvertingHandler.send(ResponseBodyEmitterReturnValueHandler.java:190) ~[spring-webmvc-5.0.9.RELEASE.jar:5.0.9.RELEASE]
	at org.springframework.web.servlet.mvc.method.annotation.ResponseBodyEmitter.sendInternal(ResponseBodyEmitter.java:189) ~[spring-webmvc-5.0.9.RELEASE.jar:5.0.9.RELEASE]
	at org.springframework.web.servlet.mvc.method.annotation.ResponseBodyEmitter.send(ResponseBodyEmitter.java:183) ~[spring-webmvc-5.0.9.RELEASE.jar:5.0.9.RELEASE]
	at org.springframework.web.servlet.mvc.method.annotation.SseEmitter.send(SseEmitter.java:133) ~[spring-webmvc-5.0.9.RELEASE.jar:5.0.9.RELEASE]
	at org.springframework.web.servlet.mvc.method.annotation.ReactiveTypeHandler$SseEmitterSubscriber.send(ReactiveTypeHandler.java:366) ~[spring-webmvc-5.0.9.RELEASE.jar:5.0.9.RELEASE]
	at org.springframework.web.servlet.mvc.method.annotation.ReactiveTypeHandler$AbstractEmitterSubscriber.run(ReactiveTypeHandler.java:309) ~[spring-webmvc-5.0.9.RELEASE.jar:5.0.9.RELEASE]
	at java.util.concurrent.ThreadPoolExecutor.runWorker(Unknown Source) ~[na:1.8.0_181]
	at java.util.concurrent.ThreadPoolExecutor$Worker.run(Unknown Source) ~[na:1.8.0_181]
	at java.lang.Thread.run(Unknown Source) [na:1.8.0_181]

2018-10-08 10:21:12.953  WARN 8440 --- [nio-8080-exec-1] .w.s.m.s.DefaultHandlerExceptionResolver : Resolved [org.springframework.web.HttpMediaTypeNotAcceptableException: Could not find acceptable representation]
2018-10-08 10:21:14.068 ERROR 8440 --- [io-8080-exec-10] o.a.c.c.C.[.[.[/].[dispatcherServlet]    : Servlet.service() for servlet [dispatcherServlet] threw exception

java.io.IOException: An established connection was aborted by the software in your host machine
	at sun.nio.ch.SocketDispatcher.write0(Native Method) ~[na:1.8.0_181]
	at sun.nio.ch.SocketDispatcher.write(Unknown Source) ~[na:1.8.0_181]
	at sun.nio.ch.IOUtil.writeFromNativeBuffer(Unknown Source) ~[na:1.8.0_181]
	at sun.nio.ch.IOUtil.write(Unknown Source) ~[na:1.8.0_181]
	at sun.nio.ch.SocketChannelImpl.write(Unknown Source) ~[na:1.8.0_181]
	at org.apache.tomcat.util.net.NioChannel.write(NioChannel.java:134) ~[tomcat-embed-core-8.5.34.jar:8.5.34]
	at org.apache.tomcat.util.net.NioBlockingSelector.write(NioBlockingSelector.java:101) ~[tomcat-embed-core-8.5.34.jar:8.5.34]
	at org.apache.tomcat.util.net.NioSelectorPool.write(NioSelectorPool.java:157) ~[tomcat-embed-core-8.5.34.jar:8.5.34]
	at org.apache.tomcat.util.net.NioEndpoint$NioSocketWrapper.doWrite(NioEndpoint.java:1306) ~[tomcat-embed-core-8.5.34.jar:8.5.34]
	at org.apache.tomcat.util.net.SocketWrapperBase.doWrite(SocketWrapperBase.java:726) ~[tomcat-embed-core-8.5.34.jar:8.5.34]
	at org.apache.tomcat.util.net.SocketWrapperBase.flushBlocking(SocketWrapperBase.java:679) ~[tomcat-embed-core-8.5.34.jar:8.5.34]
	at org.apache.tomcat.util.net.SocketWrapperBase.flush(SocketWrapperBase.java:669) ~[tomcat-embed-core-8.5.34.jar:8.5.34]
	at org.apache.coyote.http11.Http11OutputBuffer$SocketOutputBuffer.flush(Http11OutputBuffer.java:646) ~[tomcat-embed-core-8.5.34.jar:8.5.34]
	at org.apache.coyote.http11.filters.ChunkedOutputFilter.flush(ChunkedOutputFilter.java:169) ~[tomcat-embed-core-8.5.34.jar:8.5.34]
	at org.apache.coyote.http11.Http11OutputBuffer.flush(Http11OutputBuffer.java:252) ~[tomcat-embed-core-8.5.34.jar:8.5.34]
	at org.apache.coyote.http11.Http11Processor.flush(Http11Processor.java:1561) ~[tomcat-embed-core-8.5.34.jar:8.5.34]
	at org.apache.coyote.AbstractProcessor.action(AbstractProcessor.java:380) ~[tomcat-embed-core-8.5.34.jar:8.5.34]
	at org.apache.coyote.Response.action(Response.java:173) ~[tomcat-embed-core-8.5.34.jar:8.5.34]
	at org.apache.catalina.connector.OutputBuffer.doFlush(OutputBuffer.java:317) ~[tomcat-embed-core-8.5.34.jar:8.5.34]
	at org.apache.catalina.connector.OutputBuffer.flush(OutputBuffer.java:284) ~[tomcat-embed-core-8.5.34.jar:8.5.34]
	at org.apache.catalina.connector.CoyoteOutputStream.flush(CoyoteOutputStream.java:118) ~[tomcat-embed-core-8.5.34.jar:8.5.34]
	at org.springframework.security.web.util.OnCommittedResponseWrapper$SaveContextServletOutputStream.flush(OnCommittedResponseWrapper.java:514) ~[spring-security-web-5.0.8.RELEASE.jar:5.0.8.RELEASE]
	at org.springframework.security.web.util.OnCommittedResponseWrapper$SaveContextServletOutputStream.flush(OnCommittedResponseWrapper.java:514) ~[spring-security-web-5.0.8.RELEASE.jar:5.0.8.RELEASE]
	at sun.nio.cs.StreamEncoder.implFlush(Unknown Source) ~[na:1.8.0_181]
	at sun.nio.cs.StreamEncoder.flush(Unknown Source) ~[na:1.8.0_181]
	at java.io.OutputStreamWriter.flush(Unknown Source) ~[na:1.8.0_181]
	at org.springframework.util.StreamUtils.copy(StreamUtils.java:121) ~[spring-core-5.0.9.RELEASE.jar:5.0.9.RELEASE]
	at org.springframework.http.converter.StringHttpMessageConverter.writeInternal(StringHttpMessageConverter.java:103) ~[spring-web-5.0.9.RELEASE.jar:5.0.9.RELEASE]
	at org.springframework.http.converter.StringHttpMessageConverter.writeInternal(StringHttpMessageConverter.java:43) ~[spring-web-5.0.9.RELEASE.jar:5.0.9.RELEASE]
	at org.springframework.http.converter.AbstractHttpMessageConverter.write(AbstractHttpMessageConverter.java:226) ~[spring-web-5.0.9.RELEASE.jar:5.0.9.RELEASE]
	at org.springframework.web.servlet.mvc.method.annotation.ResponseBodyEmitterReturnValueHandler$HttpMessageConvertingHandler.sendInternal(ResponseBodyEmitterReturnValueHandler.java:200) ~[spring-webmvc-5.0.9.RELEASE.jar:5.0.9.RELEASE]
	at org.springframework.web.servlet.mvc.method.annotation.ResponseBodyEmitterReturnValueHandler$HttpMessageConvertingHandler.send(ResponseBodyEmitterReturnValueHandler.java:190) ~[spring-webmvc-5.0.9.RELEASE.jar:5.0.9.RELEASE]
	at org.springframework.web.servlet.mvc.method.annotation.ResponseBodyEmitter.sendInternal(ResponseBodyEmitter.java:189) ~[spring-webmvc-5.0.9.RELEASE.jar:5.0.9.RELEASE]
	at org.springframework.web.servlet.mvc.method.annotation.ResponseBodyEmitter.send(ResponseBodyEmitter.java:183) ~[spring-webmvc-5.0.9.RELEASE.jar:5.0.9.RELEASE]
	at org.springframework.web.servlet.mvc.method.annotation.SseEmitter.send(SseEmitter.java:133) ~[spring-webmvc-5.0.9.RELEASE.jar:5.0.9.RELEASE]
	at org.springframework.web.servlet.mvc.method.annotation.ReactiveTypeHandler$SseEmitterSubscriber.send(ReactiveTypeHandler.java:366) ~[spring-webmvc-5.0.9.RELEASE.jar:5.0.9.RELEASE]
	at org.springframework.web.servlet.mvc.method.annotation.ReactiveTypeHandler$AbstractEmitterSubscriber.run(ReactiveTypeHandler.java:309) ~[spring-webmvc-5.0.9.RELEASE.jar:5.0.9.RELEASE]
	at java.util.concurrent.ThreadPoolExecutor.runWorker(Unknown Source) ~[na:1.8.0_181]
	at java.util.concurrent.ThreadPoolExecutor$Worker.run(Unknown Source) ~[na:1.8.0_181]
	at java.lang.Thread.run(Unknown Source) [na:1.8.0_181]

2018-10-08 10:21:14.089 ERROR 8440 --- [io-8080-exec-10] o.a.c.c.C.[.[.[/].[dispatcherServlet]    : Servlet.service() for servlet [dispatcherServlet] in context with path [] threw exception

java.io.IOException: An established connection was aborted by the software in your host machine
	at sun.nio.ch.SocketDispatcher.write0(Native Method) ~[na:1.8.0_181]
	at sun.nio.ch.SocketDispatcher.write(Unknown Source) ~[na:1.8.0_181]
	at sun.nio.ch.IOUtil.writeFromNativeBuffer(Unknown Source) ~[na:1.8.0_181]
	at sun.nio.ch.IOUtil.write(Unknown Source) ~[na:1.8.0_181]
	at sun.nio.ch.SocketChannelImpl.write(Unknown Source) ~[na:1.8.0_181]
	at org.apache.tomcat.util.net.NioChannel.write(NioChannel.java:134) ~[tomcat-embed-core-8.5.34.jar:8.5.34]
	at org.apache.tomcat.util.net.NioBlockingSelector.write(NioBlockingSelector.java:101) ~[tomcat-embed-core-8.5.34.jar:8.5.34]
	at org.apache.tomcat.util.net.NioSelectorPool.write(NioSelectorPool.java:157) ~[tomcat-embed-core-8.5.34.jar:8.5.34]
	at org.apache.tomcat.util.net.NioEndpoint$NioSocketWrapper.doWrite(NioEndpoint.java:1306) ~[tomcat-embed-core-8.5.34.jar:8.5.34]
	at org.apache.tomcat.util.net.SocketWrapperBase.doWrite(SocketWrapperBase.java:726) ~[tomcat-embed-core-8.5.34.jar:8.5.34]
	at org.apache.tomcat.util.net.SocketWrapperBase.flushBlocking(SocketWrapperBase.java:679) ~[tomcat-embed-core-8.5.34.jar:8.5.34]
	at org.apache.tomcat.util.net.SocketWrapperBase.flush(SocketWrapperBase.java:669) ~[tomcat-embed-core-8.5.34.jar:8.5.34]
	at org.apache.coyote.http11.Http11OutputBuffer$SocketOutputBuffer.flush(Http11OutputBuffer.java:646) ~[tomcat-embed-core-8.5.34.jar:8.5.34]
	at org.apache.coyote.http11.filters.ChunkedOutputFilter.flush(ChunkedOutputFilter.java:169) ~[tomcat-embed-core-8.5.34.jar:8.5.34]
	at org.apache.coyote.http11.Http11OutputBuffer.flush(Http11OutputBuffer.java:252) ~[tomcat-embed-core-8.5.34.jar:8.5.34]
	at org.apache.coyote.http11.Http11Processor.flush(Http11Processor.java:1561) ~[tomcat-embed-core-8.5.34.jar:8.5.34]
	at org.apache.coyote.AbstractProcessor.action(AbstractProcessor.java:380) ~[tomcat-embed-core-8.5.34.jar:8.5.34]
	at org.apache.coyote.Response.action(Response.java:173) ~[tomcat-embed-core-8.5.34.jar:8.5.34]
	at org.apache.catalina.connector.OutputBuffer.doFlush(OutputBuffer.java:317) ~[tomcat-embed-core-8.5.34.jar:8.5.34]
	at org.apache.catalina.connector.OutputBuffer.flush(OutputBuffer.java:284) ~[tomcat-embed-core-8.5.34.jar:8.5.34]
	at org.apache.catalina.connector.CoyoteOutputStream.flush(CoyoteOutputStream.java:118) ~[tomcat-embed-core-8.5.34.jar:8.5.34]
	at org.springframework.security.web.util.OnCommittedResponseWrapper$SaveContextServletOutputStream.flush(OnCommittedResponseWrapper.java:514) ~[spring-security-web-5.0.8.RELEASE.jar:5.0.8.RELEASE]
	at org.springframework.security.web.util.OnCommittedResponseWrapper$SaveContextServletOutputStream.flush(OnCommittedResponseWrapper.java:514) ~[spring-security-web-5.0.8.RELEASE.jar:5.0.8.RELEASE]
	at sun.nio.cs.StreamEncoder.implFlush(Unknown Source) ~[na:1.8.0_181]
	at sun.nio.cs.StreamEncoder.flush(Unknown Source) ~[na:1.8.0_181]
	at java.io.OutputStreamWriter.flush(Unknown Source) ~[na:1.8.0_181]
	at org.springframework.util.StreamUtils.copy(StreamUtils.java:121) ~[spring-core-5.0.9.RELEASE.jar:5.0.9.RELEASE]
	at org.springframework.http.converter.StringHttpMessageConverter.writeInternal(StringHttpMessageConverter.java:103) ~[spring-web-5.0.9.RELEASE.jar:5.0.9.RELEASE]
	at org.springframework.http.converter.StringHttpMessageConverter.writeInternal(StringHttpMessageConverter.java:43) ~[spring-web-5.0.9.RELEASE.jar:5.0.9.RELEASE]
	at org.springframework.http.converter.AbstractHttpMessageConverter.write(AbstractHttpMessageConverter.java:226) ~[spring-web-5.0.9.RELEASE.jar:5.0.9.RELEASE]
	at org.springframework.web.servlet.mvc.method.annotation.ResponseBodyEmitterReturnValueHandler$HttpMessageConvertingHandler.sendInternal(ResponseBodyEmitterReturnValueHandler.java:200) ~[spring-webmvc-5.0.9.RELEASE.jar:5.0.9.RELEASE]
	at org.springframework.web.servlet.mvc.method.annotation.ResponseBodyEmitterReturnValueHandler$HttpMessageConvertingHandler.send(ResponseBodyEmitterReturnValueHandler.java:190) ~[spring-webmvc-5.0.9.RELEASE.jar:5.0.9.RELEASE]
	at org.springframework.web.servlet.mvc.method.annotation.ResponseBodyEmitter.sendInternal(ResponseBodyEmitter.java:189) ~[spring-webmvc-5.0.9.RELEASE.jar:5.0.9.RELEASE]
	at org.springframework.web.servlet.mvc.method.annotation.ResponseBodyEmitter.send(ResponseBodyEmitter.java:183) ~[spring-webmvc-5.0.9.RELEASE.jar:5.0.9.RELEASE]
	at org.springframework.web.servlet.mvc.method.annotation.SseEmitter.send(SseEmitter.java:133) ~[spring-webmvc-5.0.9.RELEASE.jar:5.0.9.RELEASE]
	at org.springframework.web.servlet.mvc.method.annotation.ReactiveTypeHandler$SseEmitterSubscriber.send(ReactiveTypeHandler.java:366) ~[spring-webmvc-5.0.9.RELEASE.jar:5.0.9.RELEASE]
	at org.springframework.web.servlet.mvc.method.annotation.ReactiveTypeHandler$AbstractEmitterSubscriber.run(ReactiveTypeHandler.java:309) ~[spring-webmvc-5.0.9.RELEASE.jar:5.0.9.RELEASE]
	at java.util.concurrent.ThreadPoolExecutor.runWorker(Unknown Source) ~[na:1.8.0_181]
	at java.util.concurrent.ThreadPoolExecutor$Worker.run(Unknown Source) ~[na:1.8.0_181]
	at java.lang.Thread.run(Unknown Source) [na:1.8.0_181]

2018-10-08 10:21:14.107  WARN 8440 --- [io-8080-exec-10] .w.s.m.s.DefaultHandlerExceptionResolver : Resolved [org.springframework.web.HttpMediaTypeNotAcceptableException: Could not find acceptable representation]
2018-10-08 10:22:35.029  INFO 23920 --- [           main] c.o.SpringBootAdminServerApplication     : Starting SpringBootAdminServerApplication on DESKTOP-B8MP7LK with PID 23920 (C:\Users\DELL\Downloads\SpringBootAdminServer\bin\main started by DELL in C:\Users\DELL\Downloads\SpringBootAdminServer)
2018-10-08 10:22:35.035  INFO 23920 --- [           main] c.o.SpringBootAdminServerApplication     : The following profiles are active: secure
2018-10-08 10:22:35.132  INFO 23920 --- [           main] ConfigServletWebServerApplicationContext : Refreshing org.springframework.boot.web.servlet.context.AnnotationConfigServletWebServerApplicationContext@544fa968: startup date [Mon Oct 08 10:22:35 IST 2018]; root of context hierarchy
2018-10-08 10:22:39.340  INFO 23920 --- [           main] o.s.b.w.embedded.tomcat.TomcatWebServer  : Tomcat initialized with port(s): 8080 (http)
2018-10-08 10:22:39.407  INFO 23920 --- [           main] o.apache.catalina.core.StandardService   : Starting service [Tomcat]
2018-10-08 10:22:39.408  INFO 23920 --- [           main] org.apache.catalina.core.StandardEngine  : Starting Servlet Engine: Apache Tomcat/8.5.34
2018-10-08 10:22:39.431  INFO 23920 --- [ost-startStop-1] o.a.catalina.core.AprLifecycleListener   : The APR based Apache Tomcat Native library which allows optimal performance in production environments was not found on the java.library.path: [C:\Program Files\Java\jre1.8.0_181\bin;C:\WINDOWS\Sun\Java\bin;C:\WINDOWS\system32;C:\WINDOWS;G:\app\DELL\virtual\product\12.2.0\dbhome_1\bin;C:\Users\DELL\gcc\bin;C:\Program Files (x86)\Common Files\Oracle\Java\javapath;C:\Program Files (x86)\Intel\iCLS Client\;C:\Program Files\Intel\iCLS Client\;C:\WINDOWS\system32;C:\WINDOWS;C:\WINDOWS\System32\Wbem;C:\WINDOWS\System32\WindowsPowerShell\v1.0\;C:\Program Files (x86)\Intel\Intel(R) Management Engine Components\DAL;C:\Program Files\Intel\Intel(R) Management Engine Components\DAL;C:\Program Files (x86)\Intel\Intel(R) Management Engine Components\IPT;C:\Program Files\Intel\Intel(R) Management Engine Components\IPT;C:\Program Files\nodejs\;C:\Program Files\Git\cmd;C:\WINDOWS\System32\OpenSSH\;C:\Users\DELL\AppData\Local\Programs\Python\Python37-32\Scripts\;C:\Users\DELL\AppData\Local\Programs\Python\Python37-32\;C:\Users\DELL\scoop\apps\yarn\current\Yarn\bin;C:\Users\DELL\scoop\apps\yarn\current\bin;C:\Users\DELL\scoop\apps\maven\current\bin;C:\Users\DELL\scoop\shims;C:\Users\DELL\AppData\Local\Microsoft\WindowsApps;C:\Program Files (x86)\Common Files\Oracle\Java\javapath;C:\Users\DELL\AppData\Roaming\npm;G:\spring-roo-2.0.0.RELEASE\bin;C:\Users\DELL\AppData\Local\Microsoft\WindowsApps;C:\Users\DELL\AppData\Local\Programs\Microsoft VS Code\bin;G:\app\DELL\virtual\product\12.2.0\dbhome_1;C:\Program Files\Java\jre1.8.0_181\bin;;.]
2018-10-08 10:22:39.729  INFO 23920 --- [ost-startStop-1] o.a.c.c.C.[Tomcat].[localhost].[/]       : Initializing Spring embedded WebApplicationContext
2018-10-08 10:22:39.730  INFO 23920 --- [ost-startStop-1] o.s.web.context.ContextLoader            : Root WebApplicationContext: initialization completed in 4599 ms
2018-10-08 10:22:41.435  INFO 23920 --- [ost-startStop-1] o.s.b.w.servlet.FilterRegistrationBean   : Mapping filter: 'characterEncodingFilter' to: [/*]
2018-10-08 10:22:41.437  INFO 23920 --- [ost-startStop-1] o.s.b.w.servlet.FilterRegistrationBean   : Mapping filter: 'webMvcMetricsFilter' to: [/*]
2018-10-08 10:22:41.437  INFO 23920 --- [ost-startStop-1] o.s.b.w.servlet.FilterRegistrationBean   : Mapping filter: 'hiddenHttpMethodFilter' to: [/*]
2018-10-08 10:22:41.438  INFO 23920 --- [ost-startStop-1] o.s.b.w.servlet.FilterRegistrationBean   : Mapping filter: 'httpPutFormContentFilter' to: [/*]
2018-10-08 10:22:41.439  INFO 23920 --- [ost-startStop-1] o.s.b.w.servlet.FilterRegistrationBean   : Mapping filter: 'requestContextFilter' to: [/*]
2018-10-08 10:22:41.440  INFO 23920 --- [ost-startStop-1] .s.DelegatingFilterProxyRegistrationBean : Mapping filter: 'springSecurityFilterChain' to: [/*]
2018-10-08 10:22:41.440  INFO 23920 --- [ost-startStop-1] o.s.b.w.servlet.FilterRegistrationBean   : Mapping filter: 'httpTraceFilter' to: [/*]
2018-10-08 10:22:41.441  INFO 23920 --- [ost-startStop-1] o.s.b.w.servlet.ServletRegistrationBean  : Servlet dispatcherServlet mapped to [/]
2018-10-08 10:22:42.506  INFO 23920 --- [           main] o.s.w.s.handler.SimpleUrlHandlerMapping  : Mapped URL path [/**/favicon.ico] onto handler of type [class org.springframework.web.servlet.resource.ResourceHttpRequestHandler]
2018-10-08 10:22:42.716  INFO 23920 --- [           main] o.s.s.concurrent.ThreadPoolTaskExecutor  : Initializing ExecutorService  'webMvcAsyncTaskExecutor'
2018-10-08 10:22:42.765  INFO 23920 --- [           main] s.w.s.m.m.a.RequestMappingHandlerAdapter : Looking for @ControllerAdvice: org.springframework.boot.web.servlet.context.AnnotationConfigServletWebServerApplicationContext@544fa968: startup date [Mon Oct 08 10:22:35 IST 2018]; root of context hierarchy
2018-10-08 10:22:42.955  INFO 23920 --- [           main] s.w.s.m.m.a.RequestMappingHandlerMapping : Mapped "{[/error]}" onto public org.springframework.http.ResponseEntity<java.util.Map<java.lang.String, java.lang.Object>> org.springframework.boot.autoconfigure.web.servlet.error.BasicErrorController.error(javax.servlet.http.HttpServletRequest)
2018-10-08 10:22:42.960  INFO 23920 --- [           main] s.w.s.m.m.a.RequestMappingHandlerMapping : Mapped "{[/error],produces=[text/html]}" onto public org.springframework.web.servlet.ModelAndView org.springframework.boot.autoconfigure.web.servlet.error.BasicErrorController.errorHtml(javax.servlet.http.HttpServletRequest,javax.servlet.http.HttpServletResponse)
2018-10-08 10:22:43.028  INFO 23920 --- [           main] o.s.w.s.handler.SimpleUrlHandlerMapping  : Mapped URL path [/webjars/**] onto handler of type [class org.springframework.web.servlet.resource.ResourceHttpRequestHandler]
2018-10-08 10:22:43.029  INFO 23920 --- [           main] o.s.w.s.handler.SimpleUrlHandlerMapping  : Mapped URL path [/**] onto handler of type [class org.springframework.web.servlet.resource.ResourceHttpRequestHandler]
2018-10-08 10:22:44.560  INFO 23920 --- [           main] .b.a.s.w.s.AdminControllerHandlerMapping : Mapped "{[/instances/{instanceId}/actuator/**],methods=[GET || HEAD || POST || PUT || PATCH || DELETE || OPTIONS]}" onto public reactor.core.publisher.Mono<java.lang.Void> de.codecentric.boot.admin.server.web.servlet.InstancesProxyController.endpointProxy(java.lang.String,javax.servlet.http.HttpServletRequest,javax.servlet.http.HttpServletResponse) throws java.io.IOException
2018-10-08 10:22:44.586  INFO 23920 --- [           main] .b.a.s.w.s.AdminControllerHandlerMapping : Mapped "{[/instances],methods=[POST],consumes=[application/json]}" onto public reactor.core.publisher.Mono<org.springframework.http.ResponseEntity<java.util.Map<java.lang.String, de.codecentric.boot.admin.server.domain.values.InstanceId>>> de.codecentric.boot.admin.server.web.InstancesController.register(de.codecentric.boot.admin.server.domain.values.Registration,org.springframework.web.util.UriComponentsBuilder)
2018-10-08 10:22:44.587  INFO 23920 --- [           main] .b.a.s.w.s.AdminControllerHandlerMapping : Mapped "{[/instances/{id}],methods=[GET],produces=[application/json]}" onto public reactor.core.publisher.Mono<org.springframework.http.ResponseEntity<de.codecentric.boot.admin.server.domain.entities.Instance>> de.codecentric.boot.admin.server.web.InstancesController.instance(java.lang.String)
2018-10-08 10:22:44.589  INFO 23920 --- [           main] .b.a.s.w.s.AdminControllerHandlerMapping : Mapped "{[/instances/events],methods=[GET],produces=[application/json]}" onto public reactor.core.publisher.Flux<de.codecentric.boot.admin.server.domain.events.InstanceEvent> de.codecentric.boot.admin.server.web.InstancesController.events()
2018-10-08 10:22:44.590  INFO 23920 --- [           main] .b.a.s.w.s.AdminControllerHandlerMapping : Mapped "{[/instances],methods=[GET],produces=[application/json]}" onto public reactor.core.publisher.Flux<de.codecentric.boot.admin.server.domain.entities.Instance> de.codecentric.boot.admin.server.web.InstancesController.instances(java.lang.String)
2018-10-08 10:22:44.591  INFO 23920 --- [           main] .b.a.s.w.s.AdminControllerHandlerMapping : Mapped "{[/instances/{id}],methods=[DELETE]}" onto public reactor.core.publisher.Mono<org.springframework.http.ResponseEntity<java.lang.Void>> de.codecentric.boot.admin.server.web.InstancesController.unregister(java.lang.String)
2018-10-08 10:22:44.592  INFO 23920 --- [           main] .b.a.s.w.s.AdminControllerHandlerMapping : Mapped "{[/instances/events],methods=[GET],produces=[text/event-stream]}" onto public reactor.core.publisher.Flux<org.springframework.http.codec.ServerSentEvent<de.codecentric.boot.admin.server.domain.events.InstanceEvent>> de.codecentric.boot.admin.server.web.InstancesController.eventStream()
2018-10-08 10:22:44.596  INFO 23920 --- [           main] .b.a.s.w.s.AdminControllerHandlerMapping : Mapped "{[/instances/{id}],methods=[GET],produces=[text/event-stream]}" onto public reactor.core.publisher.Flux<org.springframework.http.codec.ServerSentEvent<de.codecentric.boot.admin.server.domain.entities.Instance>> de.codecentric.boot.admin.server.web.InstancesController.instanceStream(java.lang.String)
2018-10-08 10:22:44.605  INFO 23920 --- [           main] .b.a.s.w.s.AdminControllerHandlerMapping : Mapped "{[/applications/{name}],methods=[GET],produces=[application/json]}" onto public reactor.core.publisher.Mono<org.springframework.http.ResponseEntity<de.codecentric.boot.admin.server.web.ApplicationsController$Application>> de.codecentric.boot.admin.server.web.ApplicationsController.application(java.lang.String)
2018-10-08 10:22:44.606  INFO 23920 --- [           main] .b.a.s.w.s.AdminControllerHandlerMapping : Mapped "{[/applications],methods=[GET],produces=[text/event-stream]}" onto public reactor.core.publisher.Flux<org.springframework.http.codec.ServerSentEvent<de.codecentric.boot.admin.server.web.ApplicationsController$Application>> de.codecentric.boot.admin.server.web.ApplicationsController.applicationsStream()
2018-10-08 10:22:44.607  INFO 23920 --- [           main] .b.a.s.w.s.AdminControllerHandlerMapping : Mapped "{[/applications/{name}],methods=[DELETE]}" onto public reactor.core.publisher.Mono<org.springframework.http.ResponseEntity<java.lang.Void>> de.codecentric.boot.admin.server.web.ApplicationsController.unregister(java.lang.String)
2018-10-08 10:22:44.608  INFO 23920 --- [           main] .b.a.s.w.s.AdminControllerHandlerMapping : Mapped "{[/applications],methods=[GET],produces=[application/json]}" onto public reactor.core.publisher.Flux<de.codecentric.boot.admin.server.web.ApplicationsController$Application> de.codecentric.boot.admin.server.web.ApplicationsController.applications()
2018-10-08 10:22:44.611  INFO 23920 --- [           main] .b.a.s.w.s.AdminControllerHandlerMapping : Mapped "{[/notifications/filters],methods=[POST],produces=[application/json]}" onto public org.springframework.http.ResponseEntity<?> de.codecentric.boot.admin.server.notify.filter.web.NotificationFilterController.addFilter(java.lang.String,java.lang.String,java.lang.Long)
2018-10-08 10:22:44.612  INFO 23920 --- [           main] .b.a.s.w.s.AdminControllerHandlerMapping : Mapped "{[/notifications/filters],methods=[GET],produces=[application/json]}" onto public java.util.Collection<de.codecentric.boot.admin.server.notify.filter.NotificationFilter> de.codecentric.boot.admin.server.notify.filter.web.NotificationFilterController.getFilters()
2018-10-08 10:22:44.613  INFO 23920 --- [           main] .b.a.s.w.s.AdminControllerHandlerMapping : Mapped "{[/notifications/filters/{id}],methods=[DELETE]}" onto public org.springframework.http.ResponseEntity<?> de.codecentric.boot.admin.server.notify.filter.web.NotificationFilterController.deleteFilter(java.lang.String)
2018-10-08 10:22:44.622  INFO 23920 --- [           main] .b.a.s.w.s.AdminControllerHandlerMapping : Mapped "{[/],methods=[GET],produces=[text/html]}" onto public java.lang.String de.codecentric.boot.admin.server.ui.web.UiController.index()
2018-10-08 10:22:44.623  INFO 23920 --- [           main] .b.a.s.w.s.AdminControllerHandlerMapping : Mapped "{[/login],methods=[GET],produces=[text/html]}" onto public java.lang.String de.codecentric.boot.admin.server.ui.web.UiController.login()
2018-10-08 10:22:45.906  INFO 23920 --- [           main] o.s.s.web.DefaultSecurityFilterChain     : Creating filter chain: org.springframework.security.web.util.matcher.AnyRequestMatcher@1, [org.springframework.security.web.context.request.async.WebAsyncManagerIntegrationFilter@3e1fd62b, org.springframework.security.web.context.SecurityContextPersistenceFilter@2fe74516, org.springframework.security.web.header.HeaderWriterFilter@d3f4505, org.springframework.security.web.csrf.CsrfFilter@71adfedd, org.springframework.security.web.authentication.logout.LogoutFilter@163042ea, org.springframework.security.web.authentication.UsernamePasswordAuthenticationFilter@67536ae0, org.springframework.security.web.authentication.www.BasicAuthenticationFilter@250a9031, org.springframework.security.web.savedrequest.RequestCacheAwareFilter@217bf99e, org.springframework.security.web.servletapi.SecurityContextHolderAwareRequestFilter@58b5a2f3, org.springframework.security.web.authentication.AnonymousAuthenticationFilter@7112ce6, org.springframework.security.web.session.SessionManagementFilter@7fd987ef, org.springframework.security.web.access.ExceptionTranslationFilter@65bad087, org.springframework.security.web.access.intercept.FilterSecurityInterceptor@7b61bf11]
2018-10-08 10:22:45.990  INFO 23920 --- [           main] o.s.b.a.e.web.EndpointLinksResolver      : Exposing 16 endpoint(s) beneath base path '/actuator'
2018-10-08 10:22:46.016  INFO 23920 --- [           main] s.b.a.e.w.s.WebMvcEndpointHandlerMapping : Mapped "{[/actuator/custom],methods=[GET],produces=[application/vnd.spring-boot.actuator.v2+json || application/json]}" onto public java.lang.Object org.springframework.boot.actuate.endpoint.web.servlet.AbstractWebMvcEndpointHandlerMapping$OperationHandler.handle(javax.servlet.http.HttpServletRequest,java.util.Map<java.lang.String, java.lang.String>)
2018-10-08 10:22:46.018  INFO 23920 --- [           main] s.b.a.e.w.s.WebMvcEndpointHandlerMapping : Mapped "{[/actuator/auditevents],methods=[GET],produces=[application/vnd.spring-boot.actuator.v2+json || application/json]}" onto public java.lang.Object org.springframework.boot.actuate.endpoint.web.servlet.AbstractWebMvcEndpointHandlerMapping$OperationHandler.handle(javax.servlet.http.HttpServletRequest,java.util.Map<java.lang.String, java.lang.String>)
2018-10-08 10:22:46.019  INFO 23920 --- [           main] s.b.a.e.w.s.WebMvcEndpointHandlerMapping : Mapped "{[/actuator/beans],methods=[GET],produces=[application/vnd.spring-boot.actuator.v2+json || application/json]}" onto public java.lang.Object org.springframework.boot.actuate.endpoint.web.servlet.AbstractWebMvcEndpointHandlerMapping$OperationHandler.handle(javax.servlet.http.HttpServletRequest,java.util.Map<java.lang.String, java.lang.String>)
2018-10-08 10:22:46.020  INFO 23920 --- [           main] s.b.a.e.w.s.WebMvcEndpointHandlerMapping : Mapped "{[/actuator/health],methods=[GET],produces=[application/vnd.spring-boot.actuator.v2+json || application/json]}" onto public java.lang.Object org.springframework.boot.actuate.endpoint.web.servlet.AbstractWebMvcEndpointHandlerMapping$OperationHandler.handle(javax.servlet.http.HttpServletRequest,java.util.Map<java.lang.String, java.lang.String>)
2018-10-08 10:22:46.021  INFO 23920 --- [           main] s.b.a.e.w.s.WebMvcEndpointHandlerMapping : Mapped "{[/actuator/conditions],methods=[GET],produces=[application/vnd.spring-boot.actuator.v2+json || application/json]}" onto public java.lang.Object org.springframework.boot.actuate.endpoint.web.servlet.AbstractWebMvcEndpointHandlerMapping$OperationHandler.handle(javax.servlet.http.HttpServletRequest,java.util.Map<java.lang.String, java.lang.String>)
2018-10-08 10:22:46.021  INFO 23920 --- [           main] s.b.a.e.w.s.WebMvcEndpointHandlerMapping : Mapped "{[/actuator/configprops],methods=[GET],produces=[application/vnd.spring-boot.actuator.v2+json || application/json]}" onto public java.lang.Object org.springframework.boot.actuate.endpoint.web.servlet.AbstractWebMvcEndpointHandlerMapping$OperationHandler.handle(javax.servlet.http.HttpServletRequest,java.util.Map<java.lang.String, java.lang.String>)
2018-10-08 10:22:46.022  INFO 23920 --- [           main] s.b.a.e.w.s.WebMvcEndpointHandlerMapping : Mapped "{[/actuator/env],methods=[GET],produces=[application/vnd.spring-boot.actuator.v2+json || application/json]}" onto public java.lang.Object org.springframework.boot.actuate.endpoint.web.servlet.AbstractWebMvcEndpointHandlerMapping$OperationHandler.handle(javax.servlet.http.HttpServletRequest,java.util.Map<java.lang.String, java.lang.String>)
2018-10-08 10:22:46.023  INFO 23920 --- [           main] s.b.a.e.w.s.WebMvcEndpointHandlerMapping : Mapped "{[/actuator/env/{toMatch}],methods=[GET],produces=[application/vnd.spring-boot.actuator.v2+json || application/json]}" onto public java.lang.Object org.springframework.boot.actuate.endpoint.web.servlet.AbstractWebMvcEndpointHandlerMapping$OperationHandler.handle(javax.servlet.http.HttpServletRequest,java.util.Map<java.lang.String, java.lang.String>)
2018-10-08 10:22:46.023  INFO 23920 --- [           main] s.b.a.e.w.s.WebMvcEndpointHandlerMapping : Mapped "{[/actuator/info],methods=[GET],produces=[application/vnd.spring-boot.actuator.v2+json || application/json]}" onto public java.lang.Object org.springframework.boot.actuate.endpoint.web.servlet.AbstractWebMvcEndpointHandlerMapping$OperationHandler.handle(javax.servlet.http.HttpServletRequest,java.util.Map<java.lang.String, java.lang.String>)
2018-10-08 10:22:46.024  INFO 23920 --- [           main] s.b.a.e.w.s.WebMvcEndpointHandlerMapping : Mapped "{[/actuator/logfile],methods=[GET],produces=[application/octet-stream]}" onto public java.lang.Object org.springframework.boot.actuate.endpoint.web.servlet.AbstractWebMvcEndpointHandlerMapping$OperationHandler.handle(javax.servlet.http.HttpServletRequest,java.util.Map<java.lang.String, java.lang.String>)
2018-10-08 10:22:46.025  INFO 23920 --- [           main] s.b.a.e.w.s.WebMvcEndpointHandlerMapping : Mapped "{[/actuator/loggers],methods=[GET],produces=[application/vnd.spring-boot.actuator.v2+json || application/json]}" onto public java.lang.Object org.springframework.boot.actuate.endpoint.web.servlet.AbstractWebMvcEndpointHandlerMapping$OperationHandler.handle(javax.servlet.http.HttpServletRequest,java.util.Map<java.lang.String, java.lang.String>)
2018-10-08 10:22:46.026  INFO 23920 --- [           main] s.b.a.e.w.s.WebMvcEndpointHandlerMapping : Mapped "{[/actuator/loggers/{name}],methods=[POST],consumes=[application/vnd.spring-boot.actuator.v2+json || application/json]}" onto public java.lang.Object org.springframework.boot.actuate.endpoint.web.servlet.AbstractWebMvcEndpointHandlerMapping$OperationHandler.handle(javax.servlet.http.HttpServletRequest,java.util.Map<java.lang.String, java.lang.String>)
2018-10-08 10:22:46.027  INFO 23920 --- [           main] s.b.a.e.w.s.WebMvcEndpointHandlerMapping : Mapped "{[/actuator/loggers/{name}],methods=[GET],produces=[application/vnd.spring-boot.actuator.v2+json || application/json]}" onto public java.lang.Object org.springframework.boot.actuate.endpoint.web.servlet.AbstractWebMvcEndpointHandlerMapping$OperationHandler.handle(javax.servlet.http.HttpServletRequest,java.util.Map<java.lang.String, java.lang.String>)
2018-10-08 10:22:46.028  INFO 23920 --- [           main] s.b.a.e.w.s.WebMvcEndpointHandlerMapping : Mapped "{[/actuator/heapdump],methods=[GET],produces=[application/octet-stream]}" onto public java.lang.Object org.springframework.boot.actuate.endpoint.web.servlet.AbstractWebMvcEndpointHandlerMapping$OperationHandler.handle(javax.servlet.http.HttpServletRequest,java.util.Map<java.lang.String, java.lang.String>)
2018-10-08 10:22:46.029  INFO 23920 --- [           main] s.b.a.e.w.s.WebMvcEndpointHandlerMapping : Mapped "{[/actuator/threaddump],methods=[GET],produces=[application/vnd.spring-boot.actuator.v2+json || application/json]}" onto public java.lang.Object org.springframework.boot.actuate.endpoint.web.servlet.AbstractWebMvcEndpointHandlerMapping$OperationHandler.handle(javax.servlet.http.HttpServletRequest,java.util.Map<java.lang.String, java.lang.String>)
2018-10-08 10:22:46.030  INFO 23920 --- [           main] s.b.a.e.w.s.WebMvcEndpointHandlerMapping : Mapped "{[/actuator/metrics],methods=[GET],produces=[application/vnd.spring-boot.actuator.v2+json || application/json]}" onto public java.lang.Object org.springframework.boot.actuate.endpoint.web.servlet.AbstractWebMvcEndpointHandlerMapping$OperationHandler.handle(javax.servlet.http.HttpServletRequest,java.util.Map<java.lang.String, java.lang.String>)
2018-10-08 10:22:46.031  INFO 23920 --- [           main] s.b.a.e.w.s.WebMvcEndpointHandlerMapping : Mapped "{[/actuator/metrics/{requiredMetricName}],methods=[GET],produces=[application/vnd.spring-boot.actuator.v2+json || application/json]}" onto public java.lang.Object org.springframework.boot.actuate.endpoint.web.servlet.AbstractWebMvcEndpointHandlerMapping$OperationHandler.handle(javax.servlet.http.HttpServletRequest,java.util.Map<java.lang.String, java.lang.String>)
2018-10-08 10:22:46.032  INFO 23920 --- [           main] s.b.a.e.w.s.WebMvcEndpointHandlerMapping : Mapped "{[/actuator/scheduledtasks],methods=[GET],produces=[application/vnd.spring-boot.actuator.v2+json || application/json]}" onto public java.lang.Object org.springframework.boot.actuate.endpoint.web.servlet.AbstractWebMvcEndpointHandlerMapping$OperationHandler.handle(javax.servlet.http.HttpServletRequest,java.util.Map<java.lang.String, java.lang.String>)
2018-10-08 10:22:46.033  INFO 23920 --- [           main] s.b.a.e.w.s.WebMvcEndpointHandlerMapping : Mapped "{[/actuator/httptrace],methods=[GET],produces=[application/vnd.spring-boot.actuator.v2+json || application/json]}" onto public java.lang.Object org.springframework.boot.actuate.endpoint.web.servlet.AbstractWebMvcEndpointHandlerMapping$OperationHandler.handle(javax.servlet.http.HttpServletRequest,java.util.Map<java.lang.String, java.lang.String>)
2018-10-08 10:22:46.033  INFO 23920 --- [           main] s.b.a.e.w.s.WebMvcEndpointHandlerMapping : Mapped "{[/actuator/mappings],methods=[GET],produces=[application/vnd.spring-boot.actuator.v2+json || application/json]}" onto public java.lang.Object org.springframework.boot.actuate.endpoint.web.servlet.AbstractWebMvcEndpointHandlerMapping$OperationHandler.handle(javax.servlet.http.HttpServletRequest,java.util.Map<java.lang.String, java.lang.String>)
2018-10-08 10:22:46.035  INFO 23920 --- [           main] s.b.a.e.w.s.WebMvcEndpointHandlerMapping : Mapped "{[/actuator],methods=[GET],produces=[application/vnd.spring-boot.actuator.v2+json || application/json]}" onto protected java.util.Map<java.lang.String, java.util.Map<java.lang.String, org.springframework.boot.actuate.endpoint.web.Link>> org.springframework.boot.actuate.endpoint.web.servlet.WebMvcEndpointHandlerMapping.links(javax.servlet.http.HttpServletRequest,javax.servlet.http.HttpServletResponse)
2018-10-08 10:22:46.240  INFO 23920 --- [           main] o.s.j.e.a.AnnotationMBeanExporter        : Registering beans for JMX exposure on startup
2018-10-08 10:22:46.314  INFO 23920 --- [           main] o.s.b.w.embedded.tomcat.TomcatWebServer  : Tomcat started on port(s): 8080 (http) with context path ''
2018-10-08 10:22:46.323  INFO 23920 --- [           main] c.o.SpringBootAdminServerApplication     : Started SpringBootAdminServerApplication in 12.425 seconds (JVM running for 13.665)
2018-10-08 10:22:48.698  INFO 23920 --- [nio-8080-exec-1] o.a.c.c.C.[Tomcat].[localhost].[/]       : Initializing Spring FrameworkServlet 'dispatcherServlet'
2018-10-08 10:22:48.699  INFO 23920 --- [nio-8080-exec-1] o.s.web.servlet.DispatcherServlet        : FrameworkServlet 'dispatcherServlet': initialization started
2018-10-08 10:22:48.747  INFO 23920 --- [nio-8080-exec-1] o.s.web.servlet.DispatcherServlet        : FrameworkServlet 'dispatcherServlet': initialization completed in 47 ms
